<?xml version="1.0" encoding="UTF-8"?>
<!-- Generated by org.testng.reporters.JUnitReportReporter -->
<testsuite hostname="DESKTOP-IK2AH0S" failures="0" tests="1" name="MavenProject.MavenJava.SeleniumTest" time="38.096" errors="0" timestamp="2020-11-23T10:01:10 IST" skipped="0">
  <testcase classname="MavenProject.MavenJava.SeleniumTest" name="Demo" time="38.096"/>
  <system-out/>
</testsuite> <!-- MavenProject.MavenJava.SeleniumTest -->
