<?xml version="1.0" encoding="UTF-8"?>
<!-- Generated by org.testng.reporters.JUnitReportReporter -->
<testsuite hostname="DESKTOP-IK2AH0S" failures="0" tests="2" name="MavenProject.MavenJava.SeleniumTest" time="0.011" errors="0" timestamp="2020-11-21T20:38:17 IST" skipped="0">
  <testcase classname="MavenProject.MavenJava.SeleniumTest" name="Demo1" time="0.001"/>
  <system-out/>
  <testcase classname="MavenProject.MavenJava.SeleniumTest" name="Demo" time="0.010"/>
  <system-out/>
</testsuite> <!-- MavenProject.MavenJava.SeleniumTest -->
